2015-02-10 20:18:59,526 [165] DEBUG PayPal.Api.OAuthTokenCredential [(null)] 
  ClientID:       Ac9jSMVSQ4O-L5qs8zWSG9AwqYtJFgLbvXILXNRuIHD2DwuMYb3PkisWfqwGXbABrFGOjIVm_5j5k0rS
  ClientSecret:   EN8wv-uSA3-ko06Y2OetdJwjDnTSd-goYqanbIm_8OLSyXRjXpNxtav8ngvSMOBXRdZxvX8r6lB9smIR
  Base64ClientId: QWM5alNNVlNRNE8tTDVxczh6V1NHOUF3cVl0SkZnTGJ2WElMWE5SdUlIRDJEd3VNWWIzUGtpc1dmcXdHWGJBQnJGR09qSVZtXzVqNWswclM6RU44d3YtdVNBMy1rbzA2WTJPZXRkSndqRG5UU2QtZ29ZcWFuYkltXzhPTFN5WFJqWHBOeHRhdjhuZ3ZTTU9CWFJkWnh2WDhyNmxCOXNtSVI=
2015-02-10 20:18:59,573 [165] DEBUG PayPal.Api.OAuthTokenCredential [(null)] Accept:*/*
2015-02-10 20:18:59,573 [165] DEBUG PayPal.Api.OAuthTokenCredential [(null)] Content-Type:application/x-www-form-urlencoded
2015-02-10 20:18:59,573 [165] DEBUG PayPal.Api.OAuthTokenCredential [(null)] User-Agent:PayPalSDK/PayPal-NET-SDK 1.3.1 (lang=DOTNET;v=4.5;clr=4.0.30319.34209;bit=32;os=Microsoft Windows NT 6.1.7601 Service Pack 1)
2015-02-10 20:18:59,573 [165] DEBUG PayPal.Api.OAuthTokenCredential [(null)] Authorization:Basic QWM5alNNVlNRNE8tTDVxczh6V1NHOUF3cVl0SkZnTGJ2WElMWE5SdUlIRDJEd3VNWWIzUGtpc1dmcXdHWGJBQnJGR09qSVZtXzVqNWswclM6RU44d3YtdVNBMy1rbzA2WTJPZXRkSndqRG5UU2QtZ29ZcWFuYkltXzhPTFN5WFJqWHBOeHRhdjhuZ3ZTTU9CWFJkWnh2WDhyNmxCOXNtSVI=
2015-02-10 20:19:00,103 [165] DEBUG PayPal.Api.HttpConnection [(null)] grant_type=client_credentials
2015-02-10 20:19:01,749 [165] DEBUG PayPal.Api.HttpConnection [(null)] Service response: 
2015-02-10 20:19:01,749 [165] DEBUG PayPal.Api.HttpConnection [(null)] {"scope":"https://uri.paypal.com/services/subscriptions https://api.paypal.com/v1/payments/.* https://api.paypal.com/v1/vault/credit-card https://uri.paypal.com/services/applications/webhooks https://uri.paypal.com/services/invoicing https://uri.paypal.com/payments/payouts https://api.paypal.com/v1/vault/credit-card/.*","access_token":"A0153lYWN8xPADZpCzoDEXJVDQGycx2ViProu4ZSyYgU9lU","token_type":"Bearer","app_id":"APP-80W284485P519543T","expires_in":28800}
2015-02-10 20:19:01,780 [165] DEBUG PayPal.PayPalResource [(null)] Content-Type:application/json
2015-02-10 20:19:01,780 [165] DEBUG PayPal.PayPalResource [(null)] User-Agent:PayPalSDK/PayPal-NET-SDK 1.3.1 (lang=DOTNET;v=4.5;clr=4.0.30319.34209;bit=32;os=Microsoft Windows NT 6.1.7601 Service Pack 1)
2015-02-10 20:19:01,780 [165] DEBUG PayPal.PayPalResource [(null)] Authorization:Bearer A0153lYWN8xPADZpCzoDEXJVDQGycx2ViProu4ZSyYgU9lU
2015-02-10 20:19:01,780 [165] DEBUG PayPal.PayPalResource [(null)] PayPal-Request-Id:4ea66f98-b9c9-48c7-8fdc-823444e7b026
2015-02-10 20:19:02,140 [165] ERROR PayPal.Api.HttpConnection [(null)] Error response:
2015-02-10 20:19:02,140 [165] ERROR PayPal.Api.HttpConnection [(null)] {"name":"INVALID_RESOURCE_ID","message":"The requested resource ID was not found","information_link":"https://developer.paypal.com/webapps/developer/docs/api/#INVALID_RESOURCE_ID","debug_id":"0602f5c5dafb5"}
2015-02-10 20:19:02,156 [165] ERROR PayPal.Api.HttpConnection [(null)] The remote server returned an error: (404) Not Found.
2015-02-11 14:50:50,885 [7] DEBUG PayPal.Api.OAuthTokenCredential [(null)] 
  ClientID:       Ac9jSMVSQ4O-L5qs8zWSG9AwqYtJFgLbvXILXNRuIHD2DwuMYb3PkisWfqwGXbABrFGOjIVm_5j5k0rS
  ClientSecret:   EN8wv-uSA3-ko06Y2OetdJwjDnTSd-goYqanbIm_8OLSyXRjXpNxtav8ngvSMOBXRdZxvX8r6lB9smIR
  Base64ClientId: QWM5alNNVlNRNE8tTDVxczh6V1NHOUF3cVl0SkZnTGJ2WElMWE5SdUlIRDJEd3VNWWIzUGtpc1dmcXdHWGJBQnJGR09qSVZtXzVqNWswclM6RU44d3YtdVNBMy1rbzA2WTJPZXRkSndqRG5UU2QtZ29ZcWFuYkltXzhPTFN5WFJqWHBOeHRhdjhuZ3ZTTU9CWFJkWnh2WDhyNmxCOXNtSVI=
2015-02-11 14:52:53,403 [8] DEBUG PayPal.Api.OAuthTokenCredential [(null)] 
  ClientID:       Ac9jSMVSQ4O-L5qs8zWSG9AwqYtJFgLbvXILXNRuIHD2DwuMYb3PkisWfqwGXbABrFGOjIVm_5j5k0rS
  ClientSecret:   EN8wv-uSA3-ko06Y2OetdJwjDnTSd-goYqanbIm_8OLSyXRjXpNxtav8ngvSMOBXRdZxvX8r6lB9smIR
  Base64ClientId: QWM5alNNVlNRNE8tTDVxczh6V1NHOUF3cVl0SkZnTGJ2WElMWE5SdUlIRDJEd3VNWWIzUGtpc1dmcXdHWGJBQnJGR09qSVZtXzVqNWswclM6RU44d3YtdVNBMy1rbzA2WTJPZXRkSndqRG5UU2QtZ29ZcWFuYkltXzhPTFN5WFJqWHBOeHRhdjhuZ3ZTTU9CWFJkWnh2WDhyNmxCOXNtSVI=
2015-02-11 14:52:53,443 [8] DEBUG PayPal.Api.OAuthTokenCredential [(null)] Accept:*/*
2015-02-11 14:52:53,443 [8] DEBUG PayPal.Api.OAuthTokenCredential [(null)] Content-Type:application/x-www-form-urlencoded
2015-02-11 14:52:53,443 [8] DEBUG PayPal.Api.OAuthTokenCredential [(null)] User-Agent:PayPalSDK/PayPal-NET-SDK 1.3.1 (lang=DOTNET;v=4.5;clr=4.0.30319.18444;bit=64;os=Microsoft Windows NT 6.1.7601 Service Pack 1)
2015-02-11 14:52:53,443 [8] DEBUG PayPal.Api.OAuthTokenCredential [(null)] Authorization:Basic QWM5alNNVlNRNE8tTDVxczh6V1NHOUF3cVl0SkZnTGJ2WElMWE5SdUlIRDJEd3VNWWIzUGtpc1dmcXdHWGJBQnJGR09qSVZtXzVqNWswclM6RU44d3YtdVNBMy1rbzA2WTJPZXRkSndqRG5UU2QtZ29ZcWFuYkltXzhPTFN5WFJqWHBOeHRhdjhuZ3ZTTU9CWFJkWnh2WDhyNmxCOXNtSVI=
2015-02-11 14:52:53,753 [8] DEBUG PayPal.Api.HttpConnection [(null)] grant_type=client_credentials
2015-02-11 14:52:55,264 [8] DEBUG PayPal.Api.HttpConnection [(null)] Service response: 
2015-02-11 14:52:55,264 [8] DEBUG PayPal.Api.HttpConnection [(null)] {"scope":"https://uri.paypal.com/services/subscriptions https://api.paypal.com/v1/payments/.* https://api.paypal.com/v1/vault/credit-card https://uri.paypal.com/services/applications/webhooks https://uri.paypal.com/services/invoicing https://uri.paypal.com/payments/payouts https://api.paypal.com/v1/vault/credit-card/.*","access_token":"A015D9KuofaVWRl4nY428Opsgw5Woe5skHpNUL5gebDl2R4","token_type":"Bearer","app_id":"APP-80W284485P519543T","expires_in":28800}
2015-02-11 14:53:01,886 [8] DEBUG PayPal.PayPalResource [(null)] Content-Type:application/json
2015-02-11 14:53:01,886 [8] DEBUG PayPal.PayPalResource [(null)] User-Agent:PayPalSDK/PayPal-NET-SDK 1.3.1 (lang=DOTNET;v=4.5;clr=4.0.30319.18444;bit=64;os=Microsoft Windows NT 6.1.7601 Service Pack 1)
2015-02-11 14:53:01,886 [8] DEBUG PayPal.PayPalResource [(null)] Authorization:Bearer A015D9KuofaVWRl4nY428Opsgw5Woe5skHpNUL5gebDl2R4
2015-02-11 14:53:01,886 [8] DEBUG PayPal.PayPalResource [(null)] PayPal-Request-Id:7c00c4df-a76c-4bc0-9c5c-cf54ebec0520
2015-02-11 14:53:02,478 [8] DEBUG PayPal.Api.HttpConnection [(null)] Service response: 
2015-02-11 14:53:02,488 [8] DEBUG PayPal.Api.HttpConnection [(null)] {"id":"PAY-1R5319604S8919429KTNNLOQ","create_time":"2015-02-11T04:08:26Z","update_time":"2015-02-11T04:08:32Z","state":"approved","intent":"sale","payer":{"payment_method":"paypal","status":"VERIFIED","payer_info":{"email":"aung.myooo-test@hotmail.com","first_name":"Test","last_name":"Buyer","payer_id":"ZJYNRGACCJR5W","shipping_address":{"line1":"123 Thomson Rd. ","city":"Singapore","postal_code":"308123","country_code":"SG","recipient_name":"Buyer Test"}}},"transactions":[{"amount":{"total":"20.00","currency":"USD","details":{"subtotal":"20.00"}},"description":"Transfer - Arrival (Kullager)","related_resources":[{"sale":{"id":"8H328426N09737335","create_time":"2015-02-11T04:08:26Z","update_time":"2015-02-11T04:08:32Z","amount":{"total":"20.00","currency":"USD"},"payment_mode":"INSTANT_TRANSFER","state":"completed","protection_eligibility":"ELIGIBLE","protection_eligibility_type":"ITEM_NOT_RECEIVED_ELIGIBLE,UNAUTHORIZED_PAYMENT_ELIGIBLE","parent_payment":"PAY-1R5319604S8919429KTNNLOQ","links":[{"href":"https://api.sandbox.paypal.com/v1/payments/sale/8H328426N09737335","rel":"self","method":"GET"},{"href":"https://api.sandbox.paypal.com/v1/payments/sale/8H328426N09737335/refund","rel":"refund","method":"POST"},{"href":"https://api.sandbox.paypal.com/v1/payments/payment/PAY-1R5319604S8919429KTNNLOQ","rel":"parent_payment","method":"GET"}]}}]}],"links":[{"href":"https://api.sandbox.paypal.com/v1/payments/payment/PAY-1R5319604S8919429KTNNLOQ","rel":"self","method":"GET"}]}
